16:57:33 INFO  : Registering command handlers for SDK TCF services
16:57:35 INFO  : Launching XSCT server: xsct.bat -interactive D:\Users\xin.han\Desktop\716test\rt9\temp_xsdb_launch_script.tcl
16:57:38 INFO  : XSCT server has started successfully.
16:57:38 INFO  : Successfully done setting XSCT server connection channel  
16:57:38 INFO  : Successfully done setting SDK workspace  
16:58:03 INFO  : Project 'top_hw_platform_0' created. You can now create BSPs and application projects targeting this hardware platform.
16:59:48 INFO  : Connected to target on host '127.0.0.1' and port '3121'.
16:59:49 INFO  : Jtag cable 'Digilent JTAG-SMT2 210251A08870' is selected.
16:59:49 INFO  : 'jtag frequency' command is executed.
16:59:49 INFO  : Sourcing of 'D:/Users/xin.han/Desktop/716test/rt9/top_hw_platform_0/ps7_init.tcl' is done.
16:59:50 INFO  : Context for 'APU' is selected.
16:59:50 INFO  : System reset is completed.
16:59:53 INFO  : 'after 3000' command is executed.
16:59:54 INFO  : 'targets -set -filter {jtag_cable_name =~ "Digilent JTAG-SMT2 210251A08870" && level==0} -index 1' command is executed.
17:00:03 INFO  : FPGA configured successfully with bitstream "D:/Users/xin.han/Desktop/716test/rt9/top_hw_platform_0/top.bit"
17:00:03 INFO  : Context for 'APU' is selected.
17:00:03 INFO  : Hardware design information is loaded from 'D:/Users/xin.han/Desktop/716test/rt9/top_hw_platform_0/system.hdf'.
17:00:03 INFO  : 'configparams force-mem-access 1' command is executed.
17:00:03 INFO  : Context for 'APU' is selected.
17:00:03 INFO  : 'ps7_init' command is executed.
17:00:03 INFO  : 'ps7_post_config' command is executed.
17:00:03 INFO  : Context for processor 'ps7_cortexa9_0' is selected.
17:00:03 INFO  : The application 'D:/Users/xin.han/Desktop/716test/rt9/rt9/Debug/rt9.elf' is downloaded to processor 'ps7_cortexa9_0'.
17:00:03 INFO  : 'configparams force-mem-access 0' command is executed.
17:00:03 INFO  : ----------------XSDB Script----------------
connect -url tcp:127.0.0.1:3121
source D:/Users/xin.han/Desktop/716test/rt9/top_hw_platform_0/ps7_init.tcl
targets -set -nocase -filter {name =~"APU*" && jtag_cable_name =~ "Digilent JTAG-SMT2 210251A08870"} -index 0
rst -system
after 3000
targets -set -filter {jtag_cable_name =~ "Digilent JTAG-SMT2 210251A08870" && level==0} -index 1
fpga -file D:/Users/xin.han/Desktop/716test/rt9/top_hw_platform_0/top.bit
targets -set -nocase -filter {name =~"APU*" && jtag_cable_name =~ "Digilent JTAG-SMT2 210251A08870"} -index 0
loadhw -hw D:/Users/xin.han/Desktop/716test/rt9/top_hw_platform_0/system.hdf -mem-ranges [list {0x40000000 0xbfffffff}]
configparams force-mem-access 1
targets -set -nocase -filter {name =~"APU*" && jtag_cable_name =~ "Digilent JTAG-SMT2 210251A08870"} -index 0
ps7_init
ps7_post_config
targets -set -nocase -filter {name =~ "ARM*#0" && jtag_cable_name =~ "Digilent JTAG-SMT2 210251A08870"} -index 0
dow D:/Users/xin.han/Desktop/716test/rt9/rt9/Debug/rt9.elf
configparams force-mem-access 0
----------------End of Script----------------

17:00:03 INFO  : Memory regions updated for context APU
17:00:03 INFO  : Context for processor 'ps7_cortexa9_0' is selected.
17:00:03 INFO  : 'con' command is executed.
17:00:03 INFO  : ----------------XSDB Script (After Launch)----------------
targets -set -nocase -filter {name =~ "ARM*#0" && jtag_cable_name =~ "Digilent JTAG-SMT2 210251A08870"} -index 0
con
----------------End of Script----------------

17:00:03 INFO  : Launch script is exported to file 'D:\Users\xin.han\Desktop\716test\rt9\.sdk\launch_scripts\xilinx_c-c++_application_(system_debugger)\system_debugger_using_debug_rt9.elf_on_local.tcl'
17:28:21 INFO  : Disconnected from the channel tcfchan#1.
01:26:12 INFO  : Registering command handlers for SDK TCF services
01:26:13 INFO  : Launching XSCT server: xsct.bat -interactive D:\Users\xin.han\Desktop\716test\rt9\temp_xsdb_launch_script.tcl
01:26:16 INFO  : XSCT server has started successfully.
01:26:17 INFO  : Successfully done setting XSCT server connection channel  
01:26:17 INFO  : Successfully done setting SDK workspace  
