#-----------------------------------------------------------
# Webtalk v2018.2 (64-bit)
# SW Build 2258646 on Thu Jun 14 20:03:12 MDT 2018
# 
# Start of session at: Thu Jan 28 16:00:09 2021
# Process ID: 6548
# Current directory: D:/Users/xin.han/Desktop/716test/LVDS0121/webtalk
# Command line: wbtcv.exe -mode batch -source sdk_webtalk.tcl
# Log file: D:/Users/xin.han/Desktop/716test/LVDS0121/webtalk/webtalk.log
# Journal file: D:/Users/xin.han/Desktop/716test/LVDS0121/webtalk\webtalk.jou
#-----------------------------------------------------------
source sdk_webtalk.tcl
# webtalk_init -webtalk_dir D:\\Users\\xin.han\\Desktop\\716test\\LVDS0121\\webtalk
# webtalk_register_client -client project
# webtalk_add_data -client project -key date_generated -value "2021-01-28 16:00:08" -context "software_version_and_target_device"
# webtalk_add_data -client project -key product_version -value "SDK v2018.2" -context "software_version_and_target_device"
# webtalk_add_data -client project -key build_version -value "2018.2" -context "software_version_and_target_device"
# webtalk_add_data -client project -key os_platform -value "amd64" -context "software_version_and_target_device"
# webtalk_add_data -client project -key registration_id -value "" -context "software_version_and_target_device"
# webtalk_add_data -client project -key tool_flow -value "SDK" -context "software_version_and_target_device"
# webtalk_add_data -client project -key beta -value "false" -context "software_version_and_target_device"
# webtalk_add_data -client project -key route_design -value "NA" -context "software_version_and_target_device"
# webtalk_add_data -client project -key target_family -value "NA" -context "software_version_and_target_device"
# webtalk_add_data -client project -key target_device -value "NA" -context "software_version_and_target_device"
# webtalk_add_data -client project -key target_package -value "NA" -context "software_version_and_target_device"
# webtalk_add_data -client project -key target_speed -value "NA" -context "software_version_and_target_device"
# webtalk_add_data -client project -key random_id -value "ch3b07qjvp7bg9pp833biflp77" -context "software_version_and_target_device"
# webtalk_add_data -client project -key project_id -value "2018.2_81" -context "software_version_and_target_device"
# webtalk_add_data -client project -key project_iteration -value "81" -context "software_version_and_target_device"
# webtalk_add_data -client project -key os_name -value "Microsoft Windows 8 or later , 64-bit" -context "user_environment"
# webtalk_add_data -client project -key os_release -value "major release  (build 9200)" -context "user_environment"
# webtalk_add_data -client project -key cpu_name -value "Intel(R) Core(TM) i5-10210U CPU @ 1.60GHz" -context "user_environment"
# webtalk_add_data -client project -key cpu_speed -value "2112 MHz" -context "user_environment"
# webtalk_add_data -client project -key total_processors -value "1" -context "user_environment"
# webtalk_add_data -client project -key system_ram -value "16.975 GB" -context "user_environment"
# webtalk_register_client -client sdk
# webtalk_add_data -client sdk -key uid -value "1611820504870" -context "sdk\\\\bsp/1611820504870"
# webtalk_add_data -client sdk -key hwid -value "1611195911874" -context "sdk\\\\bsp/1611820504870"
# webtalk_add_data -client sdk -key os -value "standalone" -context "sdk\\\\bsp/1611820504870"
# webtalk_add_data -client sdk -key apptemplate -value "hello_world" -context "sdk\\\\bsp/1611820504870"
# webtalk_add_data -client sdk -key RecordType -value "BSPCreation" -context "sdk\\\\bsp/1611820504870"
# webtalk_add_data -client sdk -key uid -value "1611820506656" -context "sdk\\\\application/1611820506656"
# webtalk_add_data -client sdk -key hwid -value "1611195911874" -context "sdk\\\\application/1611820506656"
# webtalk_add_data -client sdk -key bspid -value "1611820504870" -context "sdk\\\\application/1611820506656"
# webtalk_add_data -client sdk -key newbsp -value "true" -context "sdk\\\\application/1611820506656"
# webtalk_add_data -client sdk -key os -value "standalone" -context "sdk\\\\application/1611820506656"
# webtalk_add_data -client sdk -key apptemplate -value "hello_world" -context "sdk\\\\application/1611820506656"
# webtalk_add_data -client sdk -key RecordType -value "APPCreation" -context "sdk\\\\application/1611820506656"
# webtalk_add_data -client sdk -key LangUsed -value "C" -context "sdk\\\\application/1611820506656"
# webtalk_add_data -client sdk -key Procused -value "ps7_cortexa9" -context "sdk\\\\application/1611820506656"
# webtalk_add_data -client sdk -key projSize -value "217.79296875" -context "sdk\\\\application/1611820506656"
# webtalk_add_data -client sdk -key uid -value "NA" -context "sdk\\\\bsp/1611820808243"
# webtalk_add_data -client sdk -key RecordType -value "ToolUsage" -context "sdk\\\\bsp/1611820808243"
# webtalk_add_data -client sdk -key BootgenCount -value "0" -context "sdk\\\\bsp/1611820808243"
# webtalk_add_data -client sdk -key DebugCount -value "2" -context "sdk\\\\bsp/1611820808243"
# webtalk_add_data -client sdk -key PerfCount -value "0" -context "sdk\\\\bsp/1611820808243"
# webtalk_add_data -client sdk -key FlashCount -value "0" -context "sdk\\\\bsp/1611820808243"
# webtalk_add_data -client sdk -key CrossTriggCount -value "0" -context "sdk\\\\bsp/1611820808243"
# webtalk_add_data -client sdk -key QemuDebugCount -value "0" -context "sdk\\\\bsp/1611820808243"
# webtalk_transmit -clientid 3690697021 -regid "" -xml D:\\Users\\xin.han\\Desktop\\716test\\LVDS0121\\webtalk\\usage_statistics_ext_sdk.xml -html D:\\Users\\xin.han\\Desktop\\716test\\LVDS0121\\webtalk\\usage_statistics_ext_sdk.html -wdm D:\\Users\\xin.han\\Desktop\\716test\\LVDS0121\\webtalk\\sdk_webtalk.wdm -intro "<H3>SDK Usage Report</H3><BR>"
# webtalk_terminate
INFO: [Common 17-206] Exiting Webtalk at Thu Jan 28 16:00:12 2021...
